<?xml version="1.0" encoding="UTF-8"?>
<coverage generated="1594489349938" clover="3.2.0">
  <project timestamp="1594489349938" name="All files">
    <metrics statements="2" coveredstatements="2" conditionals="2" coveredconditionals="2" methods="2" coveredmethods="2" elements="6" coveredelements="6" complexity="0" loc="2" ncloc="2" packages="1" files="1" classes="1"/>
    <file name="index.vue" path="/home/eron/Development/vue-template-atomic-design/src/components/pages/About/index.vue">
      <metrics statements="2" coveredstatements="2" conditionals="2" coveredconditionals="2" methods="2" coveredmethods="2"/>
      <line num="14" count="1" type="stmt"/>
      <line num="21" count="2" type="cond" truecount="2" falsecount="0"/>
    </file>
  </project>
</coverage>
