{"/home/eron/Development/vue-template-atomic-design/src/components/pages/About/index.vue": {"path":"/home/eron/Development/vue-template-atomic-design/src/components/pages/About/index.vue","statementMap":{"0":{"start":{"line":14,"column":0},"end":{"line":14,"column":null}},"1":{"start":{"line":21,"column":0},"end":{"line":21,"column":null}}},"fnMap":{"0":{"name":"(anonymous_1)","decl":{"start":{"line":13,"column":0},"end":{"line":13,"column":null}},"loc":{"start":{"line":13,"column":0},"end":{"line":17,"column":null}}},"1":{"name":"(anonymous_2)","decl":{"start":{"line":20,"column":0},"end":{"line":20,"column":null}},"loc":{"start":{"line":20,"column":0},"end":{"line":24,"column":null}}}},"branchMap":{"0":{"loc":{"start":{"line":21,"column":0},"end":{"line":21,"column":null}},"type":"cond-expr","locations":[{"start":{"line":21,"column":0},"end":{"line":21,"column":null}},{"start":{"line":21,"column":0},"end":{"line":21,"column":null}}]}},"s":{"0":1,"1":2},"f":{"0":1,"1":2},"b":{"0":[1,1]}}
}
